<?xml version="1.0" encoding="UTF-8"?>
<testsuite name="MainTest" tests="1" skipped="0" failures="0" errors="0" timestamp="2023-01-01T19:22:52" hostname="DESKTOP-PB32F52" time="18.998">
  <properties/>
  <testcase name="Teste metodo xxoo" classname="MainTest" time="18.998"/>
  <system-out><![CDATA[]]></system-out>
  <system-err><![CDATA[]]></system-err>
</testsuite>
